No examples found.

Finished in 0.0004 seconds (files took 0.22175 seconds to load)
0 examples, 0 failures

No examples found.

Finished in 0.00045 seconds (files took 0.22937 seconds to load)
0 examples, 0 failures


An error occurred while loading ./spec/streamer_spec.rb.
Failure/Error:
  describe streamer do
  
  end

NameError:
  undefined local variable or method `streamer' for main:Object
# ./spec/streamer_spec.rb:3:in `<top (required)>'
No examples found.

Finished in 0.00004 seconds (files took 0.25721 seconds to load)
0 examples, 0 failures, 1 error occurred outside of examples


An error occurred while loading ./spec/streamer_spec.rb.
Failure/Error:
  describe streamer do
  
  end

NameError:
  undefined local variable or method `streamer' for main:Object
# ./spec/streamer_spec.rb:3:in `<top (required)>'
No examples found.

Finished in 0.00003 seconds (files took 0.16862 seconds to load)
0 examples, 0 failures, 1 error occurred outside of examples


An error occurred while loading ./spec/streamer_spec.rb.
Failure/Error: require 'ElevatorMedia/streamer'

SyntaxError:
  /Users/mac/Desktop/codeboxx/Odyssey/Week 10/Rocket-Elevator-Foundation/lib/ElevatorMedia/streamer.rb:4: syntax error, unexpected end-of-input, expecting end
# ./spec/streamer_spec.rb:1:in `require'
# ./spec/streamer_spec.rb:1:in `<top (required)>'
No examples found.

Finished in 0.00003 seconds (files took 0.17104 seconds to load)
0 examples, 0 failures, 1 error occurred outside of examples


An error occurred while loading ./spec/streamer_spec.rb.
Failure/Error: __send__(method, file)

SyntaxError:
  /Users/mac/Desktop/codeboxx/Odyssey/Week 10/Rocket-Elevator-Foundation/spec/streamer_spec.rb:6: syntax error, unexpected do, expecting end
      do
      ^~
# /Users/mac/.rbenv/versions/2.6.6/lib/ruby/gems/2.6.0/gems/rspec-core-3.10.1/lib/rspec/core/configuration.rb:2112:in `load'
# /Users/mac/.rbenv/versions/2.6.6/lib/ruby/gems/2.6.0/gems/rspec-core-3.10.1/lib/rspec/core/configuration.rb:2112:in `load_file_handling_errors'
# /Users/mac/.rbenv/versions/2.6.6/lib/ruby/gems/2.6.0/gems/rspec-core-3.10.1/lib/rspec/core/configuration.rb:1615:in `block in load_spec_files'
# /Users/mac/.rbenv/versions/2.6.6/lib/ruby/gems/2.6.0/gems/rspec-core-3.10.1/lib/rspec/core/configuration.rb:1613:in `each'
# /Users/mac/.rbenv/versions/2.6.6/lib/ruby/gems/2.6.0/gems/rspec-core-3.10.1/lib/rspec/core/configuration.rb:1613:in `load_spec_files'
# /Users/mac/.rbenv/versions/2.6.6/lib/ruby/gems/2.6.0/gems/rspec-core-3.10.1/lib/rspec/core/runner.rb:102:in `setup'
# /Users/mac/.rbenv/versions/2.6.6/lib/ruby/gems/2.6.0/gems/rspec-core-3.10.1/lib/rspec/core/runner.rb:86:in `run'
# /Users/mac/.rbenv/versions/2.6.6/lib/ruby/gems/2.6.0/gems/rspec-core-3.10.1/lib/rspec/core/runner.rb:71:in `run'
# /Users/mac/.rbenv/versions/2.6.6/lib/ruby/gems/2.6.0/gems/rspec-core-3.10.1/lib/rspec/core/runner.rb:45:in `invoke'
# /Users/mac/.rbenv/versions/2.6.6/lib/ruby/gems/2.6.0/gems/rspec-core-3.10.1/exe/rspec:4:in `<top (required)>'
# /Users/mac/.rbenv/versions/2.6.6/bin/rspec:23:in `load'
# /Users/mac/.rbenv/versions/2.6.6/bin/rspec:23:in `<top (required)>'
# /Users/mac/.rbenv/versions/2.6.6/lib/ruby/gems/2.6.0/gems/bundler-2.2.15/lib/bundler/cli/exec.rb:63:in `load'
# /Users/mac/.rbenv/versions/2.6.6/lib/ruby/gems/2.6.0/gems/bundler-2.2.15/lib/bundler/cli/exec.rb:63:in `kernel_load'
# /Users/mac/.rbenv/versions/2.6.6/lib/ruby/gems/2.6.0/gems/bundler-2.2.15/lib/bundler/cli/exec.rb:28:in `run'
# /Users/mac/.rbenv/versions/2.6.6/lib/ruby/gems/2.6.0/gems/bundler-2.2.15/lib/bundler/cli.rb:494:in `exec'
# /Users/mac/.rbenv/versions/2.6.6/lib/ruby/gems/2.6.0/gems/bundler-2.2.15/lib/bundler/vendor/thor/lib/thor/command.rb:27:in `run'
# /Users/mac/.rbenv/versions/2.6.6/lib/ruby/gems/2.6.0/gems/bundler-2.2.15/lib/bundler/vendor/thor/lib/thor/invocation.rb:127:in `invoke_command'
# /Users/mac/.rbenv/versions/2.6.6/lib/ruby/gems/2.6.0/gems/bundler-2.2.15/lib/bundler/vendor/thor/lib/thor.rb:392:in `dispatch'
# /Users/mac/.rbenv/versions/2.6.6/lib/ruby/gems/2.6.0/gems/bundler-2.2.15/lib/bundler/cli.rb:30:in `dispatch'
# /Users/mac/.rbenv/versions/2.6.6/lib/ruby/gems/2.6.0/gems/bundler-2.2.15/lib/bundler/vendor/thor/lib/thor/base.rb:485:in `start'
# /Users/mac/.rbenv/versions/2.6.6/lib/ruby/gems/2.6.0/gems/bundler-2.2.15/lib/bundler/cli.rb:24:in `start'
# /Users/mac/.rbenv/versions/2.6.6/lib/ruby/gems/2.6.0/gems/bundler-2.2.15/exe/bundle:49:in `block in <top (required)>'
# /Users/mac/.rbenv/versions/2.6.6/lib/ruby/gems/2.6.0/gems/bundler-2.2.15/lib/bundler/friendly_errors.rb:130:in `with_friendly_errors'
# /Users/mac/.rbenv/versions/2.6.6/lib/ruby/gems/2.6.0/gems/bundler-2.2.15/exe/bundle:37:in `<top (required)>'
# /Users/mac/.rbenv/versions/2.6.6/bin/bundle:23:in `load'
# /Users/mac/.rbenv/versions/2.6.6/bin/bundle:23:in `<main>'
# 
#   Showing full backtrace because every line was filtered out.
#   See docs for RSpec::Configuration#backtrace_exclusion_patterns and
#   RSpec::Configuration#backtrace_inclusion_patterns for more information.
No examples found.

Finished in 0.00004 seconds (files took 0.36258 seconds to load)
0 examples, 0 failures, 1 error occurred outside of examples


An error occurred while loading ./spec/streamer_spec.rb.
Failure/Error: __send__(method, file)

SyntaxError:
  /Users/mac/Desktop/codeboxx/Odyssey/Week 10/Rocket-Elevator-Foundation/spec/streamer_spec.rb:10: syntax error, unexpected do, expecting end
      do
      ^~
# /Users/mac/.rbenv/versions/2.6.6/lib/ruby/gems/2.6.0/gems/rspec-core-3.10.1/lib/rspec/core/configuration.rb:2112:in `load'
# /Users/mac/.rbenv/versions/2.6.6/lib/ruby/gems/2.6.0/gems/rspec-core-3.10.1/lib/rspec/core/configuration.rb:2112:in `load_file_handling_errors'
# /Users/mac/.rbenv/versions/2.6.6/lib/ruby/gems/2.6.0/gems/rspec-core-3.10.1/lib/rspec/core/configuration.rb:1615:in `block in load_spec_files'
# /Users/mac/.rbenv/versions/2.6.6/lib/ruby/gems/2.6.0/gems/rspec-core-3.10.1/lib/rspec/core/configuration.rb:1613:in `each'
# /Users/mac/.rbenv/versions/2.6.6/lib/ruby/gems/2.6.0/gems/rspec-core-3.10.1/lib/rspec/core/configuration.rb:1613:in `load_spec_files'
# /Users/mac/.rbenv/versions/2.6.6/lib/ruby/gems/2.6.0/gems/rspec-core-3.10.1/lib/rspec/core/runner.rb:102:in `setup'
# /Users/mac/.rbenv/versions/2.6.6/lib/ruby/gems/2.6.0/gems/rspec-core-3.10.1/lib/rspec/core/runner.rb:86:in `run'
# /Users/mac/.rbenv/versions/2.6.6/lib/ruby/gems/2.6.0/gems/rspec-core-3.10.1/lib/rspec/core/runner.rb:71:in `run'
# /Users/mac/.rbenv/versions/2.6.6/lib/ruby/gems/2.6.0/gems/rspec-core-3.10.1/lib/rspec/core/runner.rb:45:in `invoke'
# /Users/mac/.rbenv/versions/2.6.6/lib/ruby/gems/2.6.0/gems/rspec-core-3.10.1/exe/rspec:4:in `<top (required)>'
# /Users/mac/.rbenv/versions/2.6.6/bin/rspec:23:in `load'
# /Users/mac/.rbenv/versions/2.6.6/bin/rspec:23:in `<top (required)>'
# /Users/mac/.rbenv/versions/2.6.6/lib/ruby/gems/2.6.0/gems/bundler-2.2.15/lib/bundler/cli/exec.rb:63:in `load'
# /Users/mac/.rbenv/versions/2.6.6/lib/ruby/gems/2.6.0/gems/bundler-2.2.15/lib/bundler/cli/exec.rb:63:in `kernel_load'
# /Users/mac/.rbenv/versions/2.6.6/lib/ruby/gems/2.6.0/gems/bundler-2.2.15/lib/bundler/cli/exec.rb:28:in `run'
# /Users/mac/.rbenv/versions/2.6.6/lib/ruby/gems/2.6.0/gems/bundler-2.2.15/lib/bundler/cli.rb:494:in `exec'
# /Users/mac/.rbenv/versions/2.6.6/lib/ruby/gems/2.6.0/gems/bundler-2.2.15/lib/bundler/vendor/thor/lib/thor/command.rb:27:in `run'
# /Users/mac/.rbenv/versions/2.6.6/lib/ruby/gems/2.6.0/gems/bundler-2.2.15/lib/bundler/vendor/thor/lib/thor/invocation.rb:127:in `invoke_command'
# /Users/mac/.rbenv/versions/2.6.6/lib/ruby/gems/2.6.0/gems/bundler-2.2.15/lib/bundler/vendor/thor/lib/thor.rb:392:in `dispatch'
# /Users/mac/.rbenv/versions/2.6.6/lib/ruby/gems/2.6.0/gems/bundler-2.2.15/lib/bundler/cli.rb:30:in `dispatch'
# /Users/mac/.rbenv/versions/2.6.6/lib/ruby/gems/2.6.0/gems/bundler-2.2.15/lib/bundler/vendor/thor/lib/thor/base.rb:485:in `start'
# /Users/mac/.rbenv/versions/2.6.6/lib/ruby/gems/2.6.0/gems/bundler-2.2.15/lib/bundler/cli.rb:24:in `start'
# /Users/mac/.rbenv/versions/2.6.6/lib/ruby/gems/2.6.0/gems/bundler-2.2.15/exe/bundle:49:in `block in <top (required)>'
# /Users/mac/.rbenv/versions/2.6.6/lib/ruby/gems/2.6.0/gems/bundler-2.2.15/lib/bundler/friendly_errors.rb:130:in `with_friendly_errors'
# /Users/mac/.rbenv/versions/2.6.6/lib/ruby/gems/2.6.0/gems/bundler-2.2.15/exe/bundle:37:in `<top (required)>'
# /Users/mac/.rbenv/versions/2.6.6/bin/bundle:23:in `load'
# /Users/mac/.rbenv/versions/2.6.6/bin/bundle:23:in `<main>'
# 
#   Showing full backtrace because every line was filtered out.
#   See docs for RSpec::Configuration#backtrace_exclusion_patterns and
#   RSpec::Configuration#backtrace_inclusion_patterns for more information.
No examples found.

Finished in 0.00008 seconds (files took 0.33861 seconds to load)
0 examples, 0 failures, 1 error occurred outside of examples


An error occurred while loading ./spec/streamer_spec.rb.
Failure/Error: __send__(method, file)

SyntaxError:
  /Users/mac/Desktop/codeboxx/Odyssey/Week 10/Rocket-Elevator-Foundation/spec/streamer_spec.rb:10: syntax error, unexpected do, expecting end
      do
      ^~
# /Users/mac/.rbenv/versions/2.6.6/lib/ruby/gems/2.6.0/gems/rspec-core-3.10.1/lib/rspec/core/configuration.rb:2112:in `load'
# /Users/mac/.rbenv/versions/2.6.6/lib/ruby/gems/2.6.0/gems/rspec-core-3.10.1/lib/rspec/core/configuration.rb:2112:in `load_file_handling_errors'
# /Users/mac/.rbenv/versions/2.6.6/lib/ruby/gems/2.6.0/gems/rspec-core-3.10.1/lib/rspec/core/configuration.rb:1615:in `block in load_spec_files'
# /Users/mac/.rbenv/versions/2.6.6/lib/ruby/gems/2.6.0/gems/rspec-core-3.10.1/lib/rspec/core/configuration.rb:1613:in `each'
# /Users/mac/.rbenv/versions/2.6.6/lib/ruby/gems/2.6.0/gems/rspec-core-3.10.1/lib/rspec/core/configuration.rb:1613:in `load_spec_files'
# /Users/mac/.rbenv/versions/2.6.6/lib/ruby/gems/2.6.0/gems/rspec-core-3.10.1/lib/rspec/core/runner.rb:102:in `setup'
# /Users/mac/.rbenv/versions/2.6.6/lib/ruby/gems/2.6.0/gems/rspec-core-3.10.1/lib/rspec/core/runner.rb:86:in `run'
# /Users/mac/.rbenv/versions/2.6.6/lib/ruby/gems/2.6.0/gems/rspec-core-3.10.1/lib/rspec/core/runner.rb:71:in `run'
# /Users/mac/.rbenv/versions/2.6.6/lib/ruby/gems/2.6.0/gems/rspec-core-3.10.1/lib/rspec/core/runner.rb:45:in `invoke'
# /Users/mac/.rbenv/versions/2.6.6/lib/ruby/gems/2.6.0/gems/rspec-core-3.10.1/exe/rspec:4:in `<top (required)>'
# /Users/mac/.rbenv/versions/2.6.6/bin/rspec:23:in `load'
# /Users/mac/.rbenv/versions/2.6.6/bin/rspec:23:in `<top (required)>'
# /Users/mac/.rbenv/versions/2.6.6/lib/ruby/gems/2.6.0/gems/bundler-2.2.15/lib/bundler/cli/exec.rb:63:in `load'
# /Users/mac/.rbenv/versions/2.6.6/lib/ruby/gems/2.6.0/gems/bundler-2.2.15/lib/bundler/cli/exec.rb:63:in `kernel_load'
# /Users/mac/.rbenv/versions/2.6.6/lib/ruby/gems/2.6.0/gems/bundler-2.2.15/lib/bundler/cli/exec.rb:28:in `run'
# /Users/mac/.rbenv/versions/2.6.6/lib/ruby/gems/2.6.0/gems/bundler-2.2.15/lib/bundler/cli.rb:494:in `exec'
# /Users/mac/.rbenv/versions/2.6.6/lib/ruby/gems/2.6.0/gems/bundler-2.2.15/lib/bundler/vendor/thor/lib/thor/command.rb:27:in `run'
# /Users/mac/.rbenv/versions/2.6.6/lib/ruby/gems/2.6.0/gems/bundler-2.2.15/lib/bundler/vendor/thor/lib/thor/invocation.rb:127:in `invoke_command'
# /Users/mac/.rbenv/versions/2.6.6/lib/ruby/gems/2.6.0/gems/bundler-2.2.15/lib/bundler/vendor/thor/lib/thor.rb:392:in `dispatch'
# /Users/mac/.rbenv/versions/2.6.6/lib/ruby/gems/2.6.0/gems/bundler-2.2.15/lib/bundler/cli.rb:30:in `dispatch'
# /Users/mac/.rbenv/versions/2.6.6/lib/ruby/gems/2.6.0/gems/bundler-2.2.15/lib/bundler/vendor/thor/lib/thor/base.rb:485:in `start'
# /Users/mac/.rbenv/versions/2.6.6/lib/ruby/gems/2.6.0/gems/bundler-2.2.15/lib/bundler/cli.rb:24:in `start'
# /Users/mac/.rbenv/versions/2.6.6/lib/ruby/gems/2.6.0/gems/bundler-2.2.15/exe/bundle:49:in `block in <top (required)>'
# /Users/mac/.rbenv/versions/2.6.6/lib/ruby/gems/2.6.0/gems/bundler-2.2.15/lib/bundler/friendly_errors.rb:130:in `with_friendly_errors'
# /Users/mac/.rbenv/versions/2.6.6/lib/ruby/gems/2.6.0/gems/bundler-2.2.15/exe/bundle:37:in `<top (required)>'
# /Users/mac/.rbenv/versions/2.6.6/bin/bundle:23:in `load'
# /Users/mac/.rbenv/versions/2.6.6/bin/bundle:23:in `<main>'
# 
#   Showing full backtrace because every line was filtered out.
#   See docs for RSpec::Configuration#backtrace_exclusion_patterns and
#   RSpec::Configuration#backtrace_inclusion_patterns for more information.
No examples found.

Finished in 0.00004 seconds (files took 0.39354 seconds to load)
0 examples, 0 failures, 1 error occurred outside of examples


An error occurred while loading ./spec/streamer_spec.rb.
Failure/Error: __send__(method, file)

SyntaxError:
  /Users/mac/Desktop/codeboxx/Odyssey/Week 10/Rocket-Elevator-Foundation/spec/streamer_spec.rb:10: syntax error, unexpected do, expecting end
      do
      ^~
# /Users/mac/.rbenv/versions/2.6.6/lib/ruby/gems/2.6.0/gems/rspec-core-3.10.1/lib/rspec/core/configuration.rb:2112:in `load'
# /Users/mac/.rbenv/versions/2.6.6/lib/ruby/gems/2.6.0/gems/rspec-core-3.10.1/lib/rspec/core/configuration.rb:2112:in `load_file_handling_errors'
# /Users/mac/.rbenv/versions/2.6.6/lib/ruby/gems/2.6.0/gems/rspec-core-3.10.1/lib/rspec/core/configuration.rb:1615:in `block in load_spec_files'
# /Users/mac/.rbenv/versions/2.6.6/lib/ruby/gems/2.6.0/gems/rspec-core-3.10.1/lib/rspec/core/configuration.rb:1613:in `each'
# /Users/mac/.rbenv/versions/2.6.6/lib/ruby/gems/2.6.0/gems/rspec-core-3.10.1/lib/rspec/core/configuration.rb:1613:in `load_spec_files'
# /Users/mac/.rbenv/versions/2.6.6/lib/ruby/gems/2.6.0/gems/rspec-core-3.10.1/lib/rspec/core/runner.rb:102:in `setup'
# /Users/mac/.rbenv/versions/2.6.6/lib/ruby/gems/2.6.0/gems/rspec-core-3.10.1/lib/rspec/core/runner.rb:86:in `run'
# /Users/mac/.rbenv/versions/2.6.6/lib/ruby/gems/2.6.0/gems/rspec-core-3.10.1/lib/rspec/core/runner.rb:71:in `run'
# /Users/mac/.rbenv/versions/2.6.6/lib/ruby/gems/2.6.0/gems/rspec-core-3.10.1/lib/rspec/core/runner.rb:45:in `invoke'
# /Users/mac/.rbenv/versions/2.6.6/lib/ruby/gems/2.6.0/gems/rspec-core-3.10.1/exe/rspec:4:in `<top (required)>'
# /Users/mac/.rbenv/versions/2.6.6/bin/rspec:23:in `load'
# /Users/mac/.rbenv/versions/2.6.6/bin/rspec:23:in `<top (required)>'
# /Users/mac/.rbenv/versions/2.6.6/lib/ruby/gems/2.6.0/gems/bundler-2.2.15/lib/bundler/cli/exec.rb:63:in `load'
# /Users/mac/.rbenv/versions/2.6.6/lib/ruby/gems/2.6.0/gems/bundler-2.2.15/lib/bundler/cli/exec.rb:63:in `kernel_load'
# /Users/mac/.rbenv/versions/2.6.6/lib/ruby/gems/2.6.0/gems/bundler-2.2.15/lib/bundler/cli/exec.rb:28:in `run'
# /Users/mac/.rbenv/versions/2.6.6/lib/ruby/gems/2.6.0/gems/bundler-2.2.15/lib/bundler/cli.rb:494:in `exec'
# /Users/mac/.rbenv/versions/2.6.6/lib/ruby/gems/2.6.0/gems/bundler-2.2.15/lib/bundler/vendor/thor/lib/thor/command.rb:27:in `run'
# /Users/mac/.rbenv/versions/2.6.6/lib/ruby/gems/2.6.0/gems/bundler-2.2.15/lib/bundler/vendor/thor/lib/thor/invocation.rb:127:in `invoke_command'
# /Users/mac/.rbenv/versions/2.6.6/lib/ruby/gems/2.6.0/gems/bundler-2.2.15/lib/bundler/vendor/thor/lib/thor.rb:392:in `dispatch'
# /Users/mac/.rbenv/versions/2.6.6/lib/ruby/gems/2.6.0/gems/bundler-2.2.15/lib/bundler/cli.rb:30:in `dispatch'
# /Users/mac/.rbenv/versions/2.6.6/lib/ruby/gems/2.6.0/gems/bundler-2.2.15/lib/bundler/vendor/thor/lib/thor/base.rb:485:in `start'
# /Users/mac/.rbenv/versions/2.6.6/lib/ruby/gems/2.6.0/gems/bundler-2.2.15/lib/bundler/cli.rb:24:in `start'
# /Users/mac/.rbenv/versions/2.6.6/lib/ruby/gems/2.6.0/gems/bundler-2.2.15/exe/bundle:49:in `block in <top (required)>'
# /Users/mac/.rbenv/versions/2.6.6/lib/ruby/gems/2.6.0/gems/bundler-2.2.15/lib/bundler/friendly_errors.rb:130:in `with_friendly_errors'
# /Users/mac/.rbenv/versions/2.6.6/lib/ruby/gems/2.6.0/gems/bundler-2.2.15/exe/bundle:37:in `<top (required)>'
# /Users/mac/.rbenv/versions/2.6.6/bin/bundle:23:in `load'
# /Users/mac/.rbenv/versions/2.6.6/bin/bundle:23:in `<main>'
# 
#   Showing full backtrace because every line was filtered out.
#   See docs for RSpec::Configuration#backtrace_exclusion_patterns and
#   RSpec::Configuration#backtrace_inclusion_patterns for more information.
No examples found.

Finished in 0.00004 seconds (files took 0.31836 seconds to load)
0 examples, 0 failures, 1 error occurred outside of examples


Streamer
  this is a string (FAILED - 1)

Failures:

  1) Streamer this is a string
     Failure/Error: expect(var).to be_a(String)
       expected nil to be a kind of String
     # ./spec/streamer_spec.rb:7:in `block (2 levels) in <top (required)>'

Finished in 0.02644 seconds (files took 0.14037 seconds to load)
1 example, 1 failure

Failed examples:

rspec ./spec/streamer_spec.rb:4 # Streamer this is a string


Streamer
  this is a string (FAILED - 1)
  returns an html tag as per requirement (FAILED - 2)
  returns an html tag as per requirement (FAILED - 3)

Failures:

  1) Streamer this is a string
     Failure/Error: expect(var).to be_a(String)
       expected nil to be a kind of String
     # ./spec/streamer_spec.rb:7:in `block (2 levels) in <top (required)>'

  2) Streamer returns an html tag as per requirement
     Failure/Error: var = streamerOne.getContent()

     NameError:
       undefined local variable or method `streamerOne' for #<RSpec::ExampleGroups::Streamer:0x00007ff9bec01fb0>
     # ./spec/streamer_spec.rb:13:in `block (2 levels) in <top (required)>'

  3) Streamer returns an html tag as per requirement
     Failure/Error: var = streamerOne.getContent()

     NameError:
       undefined local variable or method `streamerOne' for #<RSpec::ExampleGroups::Streamer:0x00007ff9bec08d88>
     # ./spec/streamer_spec.rb:19:in `block (2 levels) in <top (required)>'

Finished in 0.04419 seconds (files took 0.2161 seconds to load)
3 examples, 3 failures

Failed examples:

rspec ./spec/streamer_spec.rb:4 # Streamer this is a string
rspec ./spec/streamer_spec.rb:11 # Streamer returns an html tag as per requirement
rspec ./spec/streamer_spec.rb:17 # Streamer returns an html tag as per requirement


Streamer
  this is a string
  returns an html tag as per requirement

Finished in 0.0045 seconds (files took 0.19945 seconds to load)
2 examples, 0 failures


An error occurred while loading ./spec/features/external_request_spec.rb.
Failure/Error:
  feature 'External request' do
    it 'queries FactoryGirl contributors on GitHub' do
      uri = URI('https://api.github.com/repos/thoughtbot/factory_girl/contributors')
  
      response = Net::HTTP.get(uri)
  
      expect(response).to be_an_instance_of(String)
    end
  end

NoMethodError:
  undefined method `feature' for main:Object
# ./spec/features/external_request_spec.rb:3:in `<top (required)>'

Finished in 0.00005 seconds (files took 1.54 seconds to load)
0 examples, 0 failures, 1 error occurred outside of examples


An error occurred while loading ./spec/features/external_request_spec.rb.
Failure/Error:
  feature 'External request' do
    it 'queries FactoryGirl contributors on GitHub' do
      uri = URI('https://api.github.com/repos/thoughtbot/factory_girl/contributors')
  
      response = Net::HTTP.get(uri)
  
      expect(response).to be_an_instance_of(String)
    end
  end

NoMethodError:
  undefined method `feature' for main:Object
# ./spec/features/external_request_spec.rb:3:in `<top (required)>'

Finished in 0.00004 seconds (files took 1.26 seconds to load)
0 examples, 0 failures, 1 error occurred outside of examples


Streamer
  this is a string
  returns an html tag as per requirement

Finished in 0.00816 seconds (files took 1.46 seconds to load)
2 examples, 0 failures


Streamer
  this is a string
  returns an html tag as per requirement

Finished in 0.00722 seconds (files took 1.48 seconds to load)
2 examples, 0 failures

2021-04-02 17:37:31 WARN Selenium [DEPRECATION] Selenium::WebDriver::Chrome#driver_path= is deprecated. Use Selenium::WebDriver::Chrome::Service#driver_path= instead.

QuotesController
  GET #create
    verifies that the buildings function in the intervention controller works correctly
===========START================
{"format"=>"json", "controller"=>"quotes", "action"=>"create"}
=============END================
      returns that the function works successfully
    validate create quote for commercial
===========START================
{"apartments-residential"=>"14", "buildType"=>"commercial", "floors_residential"=>"4", "format"=>"json", "controller"=>"quotes", "action"=>"create"}
=============END================
#<ActionDispatch::TestResponse:0x00007fa3debc5ca8>
      returns quote is save
    validate create quote for hybrid
===========START================
{"apartments-residential"=>"10", "buildType"=>"hybrid", "floors_residential"=>"10", "format"=>"json", "controller"=>"quotes", "action"=>"create"}
=============END================
#<ActionDispatch::TestResponse:0x00007fa3dec9fb88>
      returns quote is save
    validate create quote for corporate
===========START================
{"apartments-residential"=>"17", "buildType"=>"corporate", "floors_residential"=>"14", "format"=>"json", "controller"=>"quotes", "action"=>"create"}
=============END================
#<ActionDispatch::TestResponse:0x00007fa3decf5ee8>
      returns quote is save
    validate create quote for residential
===========START================
{"apartments-residential"=>"17", "buildType"=>"residential", "floors_residential"=>"15", "format"=>"json", "controller"=>"quotes", "action"=>"create"}
=============END================
#<ActionDispatch::TestResponse:0x00007fa3ded57c60>
      returns quote is save

Lead
  is not valid without an email
  is not valid without a company name
  is not valid without a full name of contact
  is not valid without a phone of contact
  is not valid without a name of a project
  is not valid without a description of a project
  is not valid without a description of the department in charge of the elevators
  is not valid without a message
  is not valid without a file name or topic
  is not valid without a customer ID

Streamer
  getContent
    Check the retuned value
{"activity":"Learn how to iceskate or rollerskate","type":"recreational","participants":1,"price":0.1,"link":"","key":"5947957","accessibility":0.25}
<div style='margin:0 auto; width:80%'>
                                        
                                        <p><label>Activity:</label><label>Learn how to iceskate or rollerskate</label></p>
                                        <p><label>Type:</label><label>recreational</label></p>
                                        <p><label>Participants:</label><label>1</label></p>
                                        <p><label>Price:</label><label>0.1</label></p>
                                        <p><label>Get Working</label></p>
                                    </div>
<div style='margin:0 auto; width:80%'>
                                        
                                        <p><label>Activity:</label><label>Learn how to iceskate or rollerskate</label></p>
                                        <p><label>Type:</label><label>recreational</label></p>
                                        <p><label>Participants:</label><label>1</label></p>
                                        <p><label>Price:</label><label>0.1</label></p>
                                        <p><label>Get Working</label></p>
                                    </div>
      check if the returned value containt a html tags
{"activity":"Go swimming with a friend","type":"social","participants":2,"price":0.1,"link":"","key":"1505028","accessibility":0.1}
<div style='margin:0 auto; width:80%'>
                                        
                                        <p><label>Activity:</label><label>Go swimming with a friend</label></p>
                                        <p><label>Type:</label><label>social</label></p>
                                        <p><label>Participants:</label><label>2</label></p>
                                        <p><label>Price:</label><label>0.1</label></p>
                                        <p><label>Get Working</label></p>
                                    </div>
<div style='margin:0 auto; width:80%'>
                                        
                                        <p><label>Activity:</label><label>Go swimming with a friend</label></p>
                                        <p><label>Type:</label><label>social</label></p>
                                        <p><label>Participants:</label><label>2</label></p>
                                        <p><label>Price:</label><label>0.1</label></p>
                                        <p><label>Get Working</label></p>
                                    </div>
      check if the returned value is not empty
{"activity":"Start a webinar on a topic of your choice","type":"education","participants":1,"price":0,"link":"","key":"6826029","accessibility":0.9}
<div style='margin:0 auto; width:80%'>
                                        
                                        <p><label>Activity:</label><label>Start a webinar on a topic of your choice</label></p>
                                        <p><label>Type:</label><label>education</label></p>
                                        <p><label>Participants:</label><label>1</label></p>
                                        <p><label>Price:</label><label>0</label></p>
                                        <p><label>Get Working</label></p>
                                    </div>
<div style='margin:0 auto; width:80%'>
                                        
                                        <p><label>Activity:</label><label>Start a webinar on a topic of your choice</label></p>
                                        <p><label>Type:</label><label>education</label></p>
                                        <p><label>Participants:</label><label>1</label></p>
                                        <p><label>Price:</label><label>0</label></p>
                                        <p><label>Get Working</label></p>
                                    </div>
      check if the returned value is a string
{"activity":"Start a book you've never gotten around to reading","type":"relaxation","participants":1,"price":0.1,"link":"","key":"7114122","accessibility":0.1}
<div style='margin:0 auto; width:80%'>
                                        
                                        <p><label>Activity:</label><label>Start a book you've never gotten around to reading</label></p>
                                        <p><label>Type:</label><label>relaxation</label></p>
                                        <p><label>Participants:</label><label>1</label></p>
                                        <p><label>Price:</label><label>0.1</label></p>
                                        <p><label>Get Working</label></p>
                                    </div>
<div style='margin:0 auto; width:80%'>
                                        
                                        <p><label>Activity:</label><label>Start a book you've never gotten around to reading</label></p>
                                        <p><label>Type:</label><label>relaxation</label></p>
                                        <p><label>Participants:</label><label>1</label></p>
                                        <p><label>Price:</label><label>0.1</label></p>
                                        <p><label>Get Working</label></p>
                                    </div>
      check if the returned value comtains the word activity
      check if the returned value comtains an argument

Finished in 1.91 seconds (files took 8 seconds to load)
20 examples, 0 failures

Coverage report generated for RSpec to /Users/mac/Desktop/codeboxx/Odyssey/Week 10/Elevators-media-streamer/coverage. 345 / 375 LOC (92.0%) covered.
